{"total": {"lines":{"total":156,"covered":147,"skipped":0,"pct":94.23},"statements":{"total":173,"covered":161,"skipped":0,"pct":93.06},"functions":{"total":47,"covered":42,"skipped":0,"pct":89.36},"branches":{"total":97,"covered":86,"skipped":0,"pct":88.66}}
,"/Users/joef/Projects/blackjack/app/store.ts": {"lines":{"total":2,"covered":2,"skipped":0,"pct":100},"functions":{"total":0,"covered":0,"skipped":0,"pct":100},"statements":{"total":2,"covered":2,"skipped":0,"pct":100},"branches":{"total":0,"covered":0,"skipped":0,"pct":100}}
,"/Users/joef/Projects/blackjack/app/features/BetForm/BetForm.styles.ts": {"lines":{"total":3,"covered":3,"skipped":0,"pct":100},"functions":{"total":0,"covered":0,"skipped":0,"pct":100},"statements":{"total":3,"covered":3,"skipped":0,"pct":100},"branches":{"total":0,"covered":0,"skipped":0,"pct":100}}
,"/Users/joef/Projects/blackjack/app/features/BetForm/BetForm.tsx": {"lines":{"total":16,"covered":16,"skipped":0,"pct":100},"functions":{"total":4,"covered":4,"skipped":0,"pct":100},"statements":{"total":18,"covered":18,"skipped":0,"pct":100},"branches":{"total":20,"covered":19,"skipped":0,"pct":95}}
,"/Users/joef/Projects/blackjack/app/features/Card/Card.tsx": {"lines":{"total":3,"covered":3,"skipped":0,"pct":100},"functions":{"total":1,"covered":1,"skipped":0,"pct":100},"statements":{"total":3,"covered":3,"skipped":0,"pct":100},"branches":{"total":0,"covered":0,"skipped":0,"pct":100}}
,"/Users/joef/Projects/blackjack/app/features/Game/Game.styles.ts": {"lines":{"total":5,"covered":5,"skipped":0,"pct":100},"functions":{"total":0,"covered":0,"skipped":0,"pct":100},"statements":{"total":5,"covered":5,"skipped":0,"pct":100},"branches":{"total":4,"covered":2,"skipped":0,"pct":50}}
,"/Users/joef/Projects/blackjack/app/features/Game/Game.tsx": {"lines":{"total":18,"covered":14,"skipped":0,"pct":77.78},"functions":{"total":6,"covered":5,"skipped":0,"pct":83.33},"statements":{"total":20,"covered":14,"skipped":0,"pct":70},"branches":{"total":20,"covered":16,"skipped":0,"pct":80}}
,"/Users/joef/Projects/blackjack/app/features/Game/constants.ts": {"lines":{"total":2,"covered":2,"skipped":0,"pct":100},"functions":{"total":0,"covered":0,"skipped":0,"pct":100},"statements":{"total":2,"covered":2,"skipped":0,"pct":100},"branches":{"total":0,"covered":0,"skipped":0,"pct":100}}
,"/Users/joef/Projects/blackjack/app/features/Game/gameSlice.ts": {"lines":{"total":44,"covered":43,"skipped":0,"pct":97.73},"functions":{"total":12,"covered":12,"skipped":0,"pct":100},"statements":{"total":49,"covered":48,"skipped":0,"pct":97.96},"branches":{"total":7,"covered":6,"skipped":0,"pct":85.71}}
,"/Users/joef/Projects/blackjack/app/features/GameControls/GameControls.styles.ts": {"lines":{"total":5,"covered":5,"skipped":0,"pct":100},"functions":{"total":1,"covered":1,"skipped":0,"pct":100},"statements":{"total":5,"covered":5,"skipped":0,"pct":100},"branches":{"total":4,"covered":2,"skipped":0,"pct":50}}
,"/Users/joef/Projects/blackjack/app/features/GameControls/GameControls.tsx": {"lines":{"total":12,"covered":8,"skipped":0,"pct":66.67},"functions":{"total":6,"covered":2,"skipped":0,"pct":33.33},"statements":{"total":13,"covered":9,"skipped":0,"pct":69.23},"branches":{"total":4,"covered":4,"skipped":0,"pct":100}}
,"/Users/joef/Projects/blackjack/app/features/GameControls/utils.ts": {"lines":{"total":26,"covered":26,"skipped":0,"pct":100},"functions":{"total":11,"covered":11,"skipped":0,"pct":100},"statements":{"total":31,"covered":31,"skipped":0,"pct":100},"branches":{"total":20,"covered":20,"skipped":0,"pct":100}}
,"/Users/joef/Projects/blackjack/app/features/Hands/Hand.styles.ts": {"lines":{"total":2,"covered":2,"skipped":0,"pct":100},"functions":{"total":0,"covered":0,"skipped":0,"pct":100},"statements":{"total":2,"covered":2,"skipped":0,"pct":100},"branches":{"total":0,"covered":0,"skipped":0,"pct":100}}
,"/Users/joef/Projects/blackjack/app/features/Hands/Hand.tsx": {"lines":{"total":3,"covered":3,"skipped":0,"pct":100},"functions":{"total":2,"covered":2,"skipped":0,"pct":100},"statements":{"total":3,"covered":3,"skipped":0,"pct":100},"branches":{"total":11,"covered":11,"skipped":0,"pct":100}}
,"/Users/joef/Projects/blackjack/app/features/Hands/utils.ts": {"lines":{"total":10,"covered":10,"skipped":0,"pct":100},"functions":{"total":2,"covered":2,"skipped":0,"pct":100},"statements":{"total":12,"covered":11,"skipped":0,"pct":91.67},"branches":{"total":6,"covered":5,"skipped":0,"pct":83.33}}
,"/Users/joef/Projects/blackjack/app/functions/useSelector.ts": {"lines":{"total":1,"covered":1,"skipped":0,"pct":100},"functions":{"total":0,"covered":0,"skipped":0,"pct":100},"statements":{"total":1,"covered":1,"skipped":0,"pct":100},"branches":{"total":0,"covered":0,"skipped":0,"pct":100}}
,"/Users/joef/Projects/blackjack/test-utils/index.tsx": {"lines":{"total":4,"covered":4,"skipped":0,"pct":100},"functions":{"total":2,"covered":2,"skipped":0,"pct":100},"statements":{"total":4,"covered":4,"skipped":0,"pct":100},"branches":{"total":1,"covered":1,"skipped":0,"pct":100}}
}
