{"/Users/joef/Projects/blackjack/app/store.ts": {"path":"/Users/joef/Projects/blackjack/app/store.ts","statementMap":{"0":{"start":{"line":3,"column":20},"end":{"line":5,"column":2}},"1":{"start":{"line":8,"column":14},"end":{"line":10,"column":2}}},"fnMap":{},"branchMap":{},"s":{"0":5,"1":5},"f":{},"b":{},"_coverageSchema":"43e27e138ebf9cfc5966b082cf9a028302ed4184","hash":"927b285826c90971b3e3e6b175d3f9ddf46de51c"}
,"/Users/joef/Projects/blackjack/app/features/BetForm/BetForm.styles.ts": {"path":"/Users/joef/Projects/blackjack/app/features/BetForm/BetForm.styles.ts","statementMap":{"0":{"start":{"line":4,"column":25},"end":{"line":6,"column":1}},"1":{"start":{"line":8,"column":21},"end":{"line":11,"column":1}},"2":{"start":{"line":13,"column":21},"end":{"line":15,"column":1}}},"fnMap":{},"branchMap":{},"s":{"0":3,"1":3,"2":3},"f":{},"b":{},"_coverageSchema":"43e27e138ebf9cfc5966b082cf9a028302ed4184","hash":"959afd0482104cc734fc68aa1fd36c85aa77f131"}
,"/Users/joef/Projects/blackjack/app/features/BetForm/BetForm.tsx": {"path":"/Users/joef/Projects/blackjack/app/features/BetForm/BetForm.tsx","statementMap":{"0":{"start":{"line":10,"column":33},"end":{"line":54,"column":1}},"1":{"start":{"line":11,"column":24},"end":{"line":11,"column":76}},"2":{"start":{"line":12,"column":28},"end":{"line":12,"column":63}},"3":{"start":{"line":13,"column":20},"end":{"line":13,"column":54}},"4":{"start":{"line":13,"column":43},"end":{"line":13,"column":53}},"5":{"start":{"line":15,"column":2},"end":{"line":53,"column":4}},"6":{"start":{"line":21,"column":25},"end":{"line":21,"column":39}},"7":{"start":{"line":23,"column":10},"end":{"line":36,"column":11}},"8":{"start":{"line":24,"column":12},"end":{"line":24,"column":48}},"9":{"start":{"line":25,"column":12},"end":{"line":25,"column":25}},"10":{"start":{"line":27,"column":12},"end":{"line":27,"column":27}},"11":{"start":{"line":29,"column":12},"end":{"line":35,"column":13}},"12":{"start":{"line":30,"column":14},"end":{"line":30,"column":51}},"13":{"start":{"line":31,"column":19},"end":{"line":35,"column":13}},"14":{"start":{"line":32,"column":14},"end":{"line":32,"column":78}},"15":{"start":{"line":34,"column":14},"end":{"line":34,"column":29}},"16":{"start":{"line":46,"column":10},"end":{"line":46,"column":53}},"17":{"start":{"line":46,"column":39},"end":{"line":46,"column":53}}},"fnMap":{"0":{"name":"(anonymous_0)","decl":{"start":{"line":10,"column":33},"end":{"line":10,"column":34}},"loc":{"start":{"line":10,"column":51},"end":{"line":54,"column":1}},"line":10},"1":{"name":"(anonymous_1)","decl":{"start":{"line":13,"column":32},"end":{"line":13,"column":33}},"loc":{"start":{"line":13,"column":43},"end":{"line":13,"column":53}},"line":13},"2":{"name":"(anonymous_2)","decl":{"start":{"line":20,"column":22},"end":{"line":20,"column":23}},"loc":{"start":{"line":20,"column":32},"end":{"line":37,"column":9}},"line":20},"3":{"name":"(anonymous_3)","decl":{"start":{"line":45,"column":17},"end":{"line":45,"column":18}},"loc":{"start":{"line":45,"column":23},"end":{"line":47,"column":9}},"line":45}},"branchMap":{"0":{"loc":{"start":{"line":19,"column":15},"end":{"line":19,"column":53}},"type":"cond-expr","locations":[{"start":{"line":19,"column":34},"end":{"line":19,"column":48}},{"start":{"line":19,"column":51},"end":{"line":19,"column":53}}],"line":19},"1":{"loc":{"start":{"line":19,"column":15},"end":{"line":19,"column":31}},"type":"binary-expr","locations":[{"start":{"line":19,"column":15},"end":{"line":19,"column":18}},{"start":{"line":19,"column":22},"end":{"line":19,"column":31}}],"line":19},"2":{"loc":{"start":{"line":23,"column":10},"end":{"line":36,"column":11}},"type":"if","locations":[{"start":{"line":23,"column":10},"end":{"line":36,"column":11}},{"start":{"line":23,"column":10},"end":{"line":36,"column":11}}],"line":23},"3":{"loc":{"start":{"line":23,"column":14},"end":{"line":23,"column":37}},"type":"binary-expr","locations":[{"start":{"line":23,"column":14},"end":{"line":23,"column":21}},{"start":{"line":23,"column":25},"end":{"line":23,"column":37}}],"line":23},"4":{"loc":{"start":{"line":29,"column":12},"end":{"line":35,"column":13}},"type":"if","locations":[{"start":{"line":29,"column":12},"end":{"line":35,"column":13}},{"start":{"line":29,"column":12},"end":{"line":35,"column":13}}],"line":29},"5":{"loc":{"start":{"line":31,"column":19},"end":{"line":35,"column":13}},"type":"if","locations":[{"start":{"line":31,"column":19},"end":{"line":35,"column":13}},{"start":{"line":31,"column":19},"end":{"line":35,"column":13}}],"line":31},"6":{"loc":{"start":{"line":38,"column":16},"end":{"line":38,"column":45}},"type":"cond-expr","locations":[{"start":{"line":38,"column":25},"end":{"line":38,"column":34}},{"start":{"line":38,"column":37},"end":{"line":38,"column":45}}],"line":38},"7":{"loc":{"start":{"line":39,"column":17},"end":{"line":39,"column":36}},"type":"cond-expr","locations":[{"start":{"line":39,"column":26},"end":{"line":39,"column":28}},{"start":{"line":39,"column":31},"end":{"line":39,"column":36}}],"line":39},"8":{"loc":{"start":{"line":43,"column":18},"end":{"line":43,"column":33}},"type":"binary-expr","locations":[{"start":{"line":43,"column":18},"end":{"line":43,"column":22}},{"start":{"line":43,"column":26},"end":{"line":43,"column":33}}],"line":43},"9":{"loc":{"start":{"line":46,"column":10},"end":{"line":46,"column":53}},"type":"if","locations":[{"start":{"line":46,"column":10},"end":{"line":46,"column":53}},{"start":{"line":46,"column":10},"end":{"line":46,"column":53}}],"line":46}},"s":{"0":3,"1":165,"2":165,"3":165,"4":389,"5":165,"6":13,"7":13,"8":2,"9":2,"10":11,"11":11,"12":4,"13":7,"14":2,"15":5,"16":1,"17":1},"f":{"0":165,"1":389,"2":13,"3":1},"b":{"0":[49,116],"1":[165,118],"2":[2,11],"3":[13,4],"4":[4,7],"5":[2,5],"6":[136,29],"7":[136,29],"8":[165,47],"9":[1,0]},"_coverageSchema":"43e27e138ebf9cfc5966b082cf9a028302ed4184","hash":"ecdd249c84fd94018202937a37c7708d1484a303"}
,"/Users/joef/Projects/blackjack/app/features/Card/Card.tsx": {"path":"/Users/joef/Projects/blackjack/app/features/Card/Card.tsx","statementMap":{"0":{"start":{"line":9,"column":17},"end":{"line":11,"column":1}},"1":{"start":{"line":13,"column":34},"end":{"line":19,"column":1}},"2":{"start":{"line":14,"column":2},"end":{"line":18,"column":4}}},"fnMap":{"0":{"name":"(anonymous_0)","decl":{"start":{"line":13,"column":34},"end":{"line":13,"column":35}},"loc":{"start":{"line":13,"column":54},"end":{"line":19,"column":1}},"line":13}},"branchMap":{},"s":{"0":3,"1":3,"2":39},"f":{"0":39},"b":{},"_coverageSchema":"43e27e138ebf9cfc5966b082cf9a028302ed4184","hash":"0cffb10d5e5bcd5f2c648f18366cf34239f09ade"}
,"/Users/joef/Projects/blackjack/app/features/Game/Game.styles.ts": {"path":"/Users/joef/Projects/blackjack/app/features/Game/Game.styles.ts","statementMap":{"0":{"start":{"line":4,"column":11},"end":{"line":4,"column":22}},"1":{"start":{"line":6,"column":23},"end":{"line":9,"column":1}},"2":{"start":{"line":11,"column":22},"end":{"line":17,"column":1}},"3":{"start":{"line":19,"column":21},"end":{"line":24,"column":1}},"4":{"start":{"line":26,"column":29},"end":{"line":28,"column":1}}},"fnMap":{},"branchMap":{"0":{"loc":{"start":{"line":7,"column":4},"end":{"line":7,"column":55}},"type":"cond-expr","locations":[{"start":{"line":7,"column":19},"end":{"line":7,"column":36}},{"start":{"line":7,"column":39},"end":{"line":7,"column":55}}],"line":7},"1":{"loc":{"start":{"line":8,"column":4},"end":{"line":8,"column":64}},"type":"cond-expr","locations":[{"start":{"line":8,"column":23},"end":{"line":8,"column":42}},{"start":{"line":8,"column":45},"end":{"line":8,"column":64}}],"line":8}},"s":{"0":1,"1":1,"2":1,"3":1,"4":1},"f":{},"b":{"0":[1,0],"1":[0,1]},"_coverageSchema":"43e27e138ebf9cfc5966b082cf9a028302ed4184","hash":"24bf6cf815e0f5356650c57526651bbe7c8d9d1b"}
,"/Users/joef/Projects/blackjack/app/features/Game/Game.tsx": {"path":"/Users/joef/Projects/blackjack/app/features/Game/Game.tsx","statementMap":{"0":{"start":{"line":15,"column":34},"end":{"line":15,"column":55}},"1":{"start":{"line":17,"column":19},"end":{"line":17,"column":32}},"2":{"start":{"line":18,"column":58},"end":{"line":20,"column":3}},"3":{"start":{"line":19,"column":15},"end":{"line":19,"column":25}},"4":{"start":{"line":22,"column":2},"end":{"line":28,"column":29}},"5":{"start":{"line":23,"column":4},"end":{"line":27,"column":5}},"6":{"start":{"line":24,"column":6},"end":{"line":24,"column":24}},"7":{"start":{"line":25,"column":11},"end":{"line":27,"column":5}},"8":{"start":{"line":26,"column":6},"end":{"line":26,"column":25}},"9":{"start":{"line":30,"column":2},"end":{"line":39,"column":21}},"10":{"start":{"line":31,"column":4},"end":{"line":38,"column":5}},"11":{"start":{"line":32,"column":6},"end":{"line":37,"column":7}},"12":{"start":{"line":33,"column":8},"end":{"line":33,"column":56}},"13":{"start":{"line":33,"column":25},"end":{"line":33,"column":48}},"14":{"start":{"line":35,"column":8},"end":{"line":35,"column":32}},"15":{"start":{"line":36,"column":8},"end":{"line":36,"column":26}},"16":{"start":{"line":41,"column":2},"end":{"line":43,"column":14}},"17":{"start":{"line":42,"column":4},"end":{"line":42,"column":38}},"18":{"start":{"line":42,"column":16},"end":{"line":42,"column":38}},"19":{"start":{"line":45,"column":2},"end":{"line":72,"column":4}}},"fnMap":{"0":{"name":"Game","decl":{"start":{"line":14,"column":24},"end":{"line":14,"column":28}},"loc":{"start":{"line":14,"column":31},"end":{"line":73,"column":1}},"line":14},"1":{"name":"(anonymous_1)","decl":{"start":{"line":19,"column":4},"end":{"line":19,"column":5}},"loc":{"start":{"line":19,"column":15},"end":{"line":19,"column":25}},"line":19},"2":{"name":"(anonymous_2)","decl":{"start":{"line":22,"column":18},"end":{"line":22,"column":19}},"loc":{"start":{"line":22,"column":24},"end":{"line":28,"column":3}},"line":22},"3":{"name":"(anonymous_3)","decl":{"start":{"line":30,"column":18},"end":{"line":30,"column":19}},"loc":{"start":{"line":30,"column":24},"end":{"line":39,"column":3}},"line":30},"4":{"name":"(anonymous_4)","decl":{"start":{"line":33,"column":19},"end":{"line":33,"column":20}},"loc":{"start":{"line":33,"column":25},"end":{"line":33,"column":48}},"line":33},"5":{"name":"(anonymous_5)","decl":{"start":{"line":41,"column":18},"end":{"line":41,"column":19}},"loc":{"start":{"line":41,"column":24},"end":{"line":43,"column":3}},"line":41}},"branchMap":{"0":{"loc":{"start":{"line":23,"column":4},"end":{"line":27,"column":5}},"type":"if","locations":[{"start":{"line":23,"column":4},"end":{"line":27,"column":5}},{"start":{"line":23,"column":4},"end":{"line":27,"column":5}}],"line":23},"1":{"loc":{"start":{"line":23,"column":8},"end":{"line":23,"column":65}},"type":"binary-expr","locations":[{"start":{"line":23,"column":8},"end":{"line":23,"column":52}},{"start":{"line":23,"column":56},"end":{"line":23,"column":65}}],"line":23},"2":{"loc":{"start":{"line":25,"column":11},"end":{"line":27,"column":5}},"type":"if","locations":[{"start":{"line":25,"column":11},"end":{"line":27,"column":5}},{"start":{"line":25,"column":11},"end":{"line":27,"column":5}}],"line":25},"3":{"loc":{"start":{"line":25,"column":15},"end":{"line":25,"column":31}},"type":"binary-expr","locations":[{"start":{"line":25,"column":15},"end":{"line":25,"column":19}},{"start":{"line":25,"column":23},"end":{"line":25,"column":31}}],"line":25},"4":{"loc":{"start":{"line":31,"column":4},"end":{"line":38,"column":5}},"type":"if","locations":[{"start":{"line":31,"column":4},"end":{"line":38,"column":5}},{"start":{"line":31,"column":4},"end":{"line":38,"column":5}}],"line":31},"5":{"loc":{"start":{"line":32,"column":6},"end":{"line":37,"column":7}},"type":"if","locations":[{"start":{"line":32,"column":6},"end":{"line":37,"column":7}},{"start":{"line":32,"column":6},"end":{"line":37,"column":7}}],"line":32},"6":{"loc":{"start":{"line":42,"column":4},"end":{"line":42,"column":38}},"type":"if","locations":[{"start":{"line":42,"column":4},"end":{"line":42,"column":38}},{"start":{"line":42,"column":4},"end":{"line":42,"column":38}}],"line":42},"7":{"loc":{"start":{"line":48,"column":7},"end":{"line":52,"column":14}},"type":"cond-expr","locations":[{"start":{"line":49,"column":8},"end":{"line":51,"column":17}},{"start":{"line":52,"column":10},"end":{"line":52,"column":14}}],"line":48},"8":{"loc":{"start":{"line":53,"column":7},"end":{"line":57,"column":7}},"type":"binary-expr","locations":[{"start":{"line":53,"column":7},"end":{"line":53,"column":17}},{"start":{"line":54,"column":8},"end":{"line":56,"column":15}}],"line":53},"9":{"loc":{"start":{"line":59,"column":7},"end":{"line":69,"column":7}},"type":"binary-expr","locations":[{"start":{"line":59,"column":7},"end":{"line":59,"column":17}},{"start":{"line":60,"column":8},"end":{"line":68,"column":24}}],"line":59}},"s":{"0":93,"1":93,"2":93,"3":193,"4":93,"5":56,"6":14,"7":42,"8":14,"9":93,"10":49,"11":0,"12":0,"13":0,"14":0,"15":0,"16":93,"17":7,"18":0,"19":93},"f":{"0":93,"1":193,"2":56,"3":49,"4":0,"5":7},"b":{"0":[14,42],"1":[56,14],"2":[14,28],"3":[42,42],"4":[0,49],"5":[0,0],"6":[0,7],"7":[28,65],"8":[93,39],"9":[93,39]},"_coverageSchema":"43e27e138ebf9cfc5966b082cf9a028302ed4184","hash":"7675046f1cfc93c89f45963e3221ac3a7994b6c6"}
,"/Users/joef/Projects/blackjack/app/features/Game/constants.ts": {"path":"/Users/joef/Projects/blackjack/app/features/Game/constants.ts","statementMap":{"0":{"start":{"line":3,"column":44},"end":{"line":3,"column":129}},"1":{"start":{"line":4,"column":30},"end":{"line":4,"column":71}}},"fnMap":{},"branchMap":{},"s":{"0":8,"1":8},"f":{},"b":{},"_coverageSchema":"43e27e138ebf9cfc5966b082cf9a028302ed4184","hash":"871bb2ff1c785d5cb5d341528856b317b4e4eb0e"}
,"/Users/joef/Projects/blackjack/app/features/Game/gameSlice.ts": {"path":"/Users/joef/Projects/blackjack/app/features/Game/gameSlice.ts","statementMap":{"0":{"start":{"line":7,"column":20},"end":{"line":7,"column":51}},"1":{"start":{"line":7,"column":27},"end":{"line":7,"column":50}},"2":{"start":{"line":9,"column":16},"end":{"line":11,"column":1}},"3":{"start":{"line":10,"column":2},"end":{"line":10,"column":41}},"4":{"start":{"line":28,"column":38},"end":{"line":37,"column":2}},"5":{"start":{"line":28,"column":71},"end":{"line":37,"column":1}},"6":{"start":{"line":39,"column":28},"end":{"line":39,"column":52}},"7":{"start":{"line":41,"column":61},"end":{"line":49,"column":1}},"8":{"start":{"line":45,"column":18},"end":{"line":45,"column":49}},"9":{"start":{"line":47,"column":2},"end":{"line":47,"column":44}},"10":{"start":{"line":48,"column":2},"end":{"line":48,"column":70}},"11":{"start":{"line":51,"column":47},"end":{"line":61,"column":1}},"12":{"start":{"line":52,"column":2},"end":{"line":56,"column":3}},"13":{"start":{"line":53,"column":4},"end":{"line":53,"column":29}},"14":{"start":{"line":55,"column":4},"end":{"line":55,"column":29}},"15":{"start":{"line":58,"column":2},"end":{"line":58,"column":25}},"16":{"start":{"line":60,"column":2},"end":{"line":60,"column":16}},"17":{"start":{"line":63,"column":44},"end":{"line":65,"column":1}},"18":{"start":{"line":64,"column":2},"end":{"line":64,"column":17}},"19":{"start":{"line":67,"column":44},"end":{"line":67,"column":74}},"20":{"start":{"line":67,"column":50},"end":{"line":67,"column":74}},"21":{"start":{"line":69,"column":63},"end":{"line":74,"column":1}},"22":{"start":{"line":73,"column":2},"end":{"line":73,"column":30}},"23":{"start":{"line":76,"column":40},"end":{"line":78,"column":1}},"24":{"start":{"line":77,"column":2},"end":{"line":77,"column":24}},"25":{"start":{"line":80,"column":71},"end":{"line":110,"column":1}},"26":{"start":{"line":84,"column":2},"end":{"line":84,"column":17}},"27":{"start":{"line":86,"column":2},"end":{"line":86,"column":26}},"28":{"start":{"line":87,"column":2},"end":{"line":87,"column":47}},"29":{"start":{"line":87,"column":23},"end":{"line":87,"column":47}},"30":{"start":{"line":89,"column":2},"end":{"line":89,"column":22}},"31":{"start":{"line":91,"column":2},"end":{"line":91,"column":24}},"32":{"start":{"line":92,"column":2},"end":{"line":92,"column":31}},"33":{"start":{"line":93,"column":2},"end":{"line":93,"column":31}},"34":{"start":{"line":96,"column":4},"end":{"line":96,"column":43}},"35":{"start":{"line":99,"column":2},"end":{"line":109,"column":3}},"36":{"start":{"line":99,"column":15},"end":{"line":99,"column":16}},"37":{"start":{"line":100,"column":4},"end":{"line":108,"column":5}},"38":{"start":{"line":101,"column":22},"end":{"line":101,"column":28}},"39":{"start":{"line":102,"column":6},"end":{"line":102,"column":39}},"40":{"start":{"line":103,"column":6},"end":{"line":103,"column":48}},"41":{"start":{"line":105,"column":22},"end":{"line":105,"column":28}},"42":{"start":{"line":106,"column":6},"end":{"line":106,"column":39}},"43":{"start":{"line":107,"column":6},"end":{"line":107,"column":48}},"44":{"start":{"line":112,"column":48},"end":{"line":114,"column":1}},"45":{"start":{"line":113,"column":2},"end":{"line":113,"column":37}},"46":{"start":{"line":116,"column":18},"end":{"line":129,"column":2}},"47":{"start":{"line":140,"column":4},"end":{"line":140,"column":21}},"48":{"start":{"line":141,"column":24},"end":{"line":141,"column":33}}},"fnMap":{"0":{"name":"(anonymous_0)","decl":{"start":{"line":7,"column":20},"end":{"line":7,"column":21}},"loc":{"start":{"line":7,"column":27},"end":{"line":7,"column":50}},"line":7},"1":{"name":"(anonymous_1)","decl":{"start":{"line":9,"column":16},"end":{"line":9,"column":17}},"loc":{"start":{"line":9,"column":38},"end":{"line":11,"column":1}},"line":9},"2":{"name":"(anonymous_2)","decl":{"start":{"line":28,"column":38},"end":{"line":28,"column":39}},"loc":{"start":{"line":28,"column":71},"end":{"line":37,"column":1}},"line":28},"3":{"name":"(anonymous_3)","decl":{"start":{"line":41,"column":61},"end":{"line":41,"column":62}},"loc":{"start":{"line":44,"column":5},"end":{"line":49,"column":1}},"line":44},"4":{"name":"(anonymous_4)","decl":{"start":{"line":51,"column":47},"end":{"line":51,"column":48}},"loc":{"start":{"line":51,"column":58},"end":{"line":61,"column":1}},"line":51},"5":{"name":"(anonymous_5)","decl":{"start":{"line":63,"column":44},"end":{"line":63,"column":45}},"loc":{"start":{"line":63,"column":55},"end":{"line":65,"column":1}},"line":63},"6":{"name":"(anonymous_6)","decl":{"start":{"line":67,"column":44},"end":{"line":67,"column":45}},"loc":{"start":{"line":67,"column":50},"end":{"line":67,"column":74}},"line":67},"7":{"name":"(anonymous_7)","decl":{"start":{"line":69,"column":63},"end":{"line":69,"column":64}},"loc":{"start":{"line":72,"column":5},"end":{"line":74,"column":1}},"line":72},"8":{"name":"(anonymous_8)","decl":{"start":{"line":76,"column":40},"end":{"line":76,"column":41}},"loc":{"start":{"line":76,"column":51},"end":{"line":78,"column":1}},"line":76},"9":{"name":"(anonymous_9)","decl":{"start":{"line":80,"column":71},"end":{"line":80,"column":72}},"loc":{"start":{"line":83,"column":5},"end":{"line":110,"column":1}},"line":83},"10":{"name":"deal","decl":{"start":{"line":95,"column":11},"end":{"line":95,"column":15}},"loc":{"start":{"line":95,"column":18},"end":{"line":97,"column":3}},"line":95},"11":{"name":"(anonymous_11)","decl":{"start":{"line":112,"column":48},"end":{"line":112,"column":49}},"loc":{"start":{"line":112,"column":59},"end":{"line":114,"column":1}},"line":112}},"branchMap":{"0":{"loc":{"start":{"line":28,"column":39},"end":{"line":28,"column":54}},"type":"default-arg","locations":[{"start":{"line":28,"column":53},"end":{"line":28,"column":54}}],"line":28},"1":{"loc":{"start":{"line":52,"column":2},"end":{"line":56,"column":3}},"type":"if","locations":[{"start":{"line":52,"column":2},"end":{"line":56,"column":3}},{"start":{"line":52,"column":2},"end":{"line":56,"column":3}}],"line":52},"2":{"loc":{"start":{"line":87,"column":2},"end":{"line":87,"column":47}},"type":"if","locations":[{"start":{"line":87,"column":2},"end":{"line":87,"column":47}},{"start":{"line":87,"column":2},"end":{"line":87,"column":47}}],"line":87},"3":{"loc":{"start":{"line":100,"column":4},"end":{"line":108,"column":5}},"type":"if","locations":[{"start":{"line":100,"column":4},"end":{"line":108,"column":5}},{"start":{"line":100,"column":4},"end":{"line":108,"column":5}}],"line":100}},"s":{"0":6,"1":68,"2":6,"3":3,"4":6,"5":32,"6":6,"7":6,"8":6,"9":6,"10":6,"11":6,"12":1,"13":1,"14":0,"15":1,"16":1,"17":6,"18":1,"19":6,"20":26,"21":6,"22":2,"23":6,"24":1,"25":6,"26":2,"27":2,"28":2,"29":1,"30":2,"31":2,"32":2,"33":2,"34":8,"35":2,"36":2,"37":8,"38":4,"39":4,"40":4,"41":4,"42":4,"43":4,"44":6,"45":11,"46":6,"47":6,"48":6},"f":{"0":68,"1":3,"2":32,"3":6,"4":1,"5":1,"6":26,"7":2,"8":1,"9":2,"10":8,"11":11},"b":{"0":[32],"1":[1,0],"2":[1,1],"3":[4,4]},"_coverageSchema":"43e27e138ebf9cfc5966b082cf9a028302ed4184","hash":"a312f01f1bc72decf8290fee57b9ff87fe3cd940"}
,"/Users/joef/Projects/blackjack/app/features/GameControls/GameControls.styles.ts": {"path":"/Users/joef/Projects/blackjack/app/features/GameControls/GameControls.styles.ts","statementMap":{"0":{"start":{"line":4,"column":11},"end":{"line":4,"column":22}},"1":{"start":{"line":6,"column":19},"end":{"line":6,"column":75}},"2":{"start":{"line":7,"column":22},"end":{"line":14,"column":1}},"3":{"start":{"line":9,"column":41},"end":{"line":9,"column":67}},"4":{"start":{"line":16,"column":26},"end":{"line":19,"column":1}}},"fnMap":{"0":{"name":"(anonymous_0)","decl":{"start":{"line":9,"column":22},"end":{"line":9,"column":23}},"loc":{"start":{"line":9,"column":41},"end":{"line":9,"column":67}},"line":9}},"branchMap":{"0":{"loc":{"start":{"line":6,"column":19},"end":{"line":6,"column":75}},"type":"cond-expr","locations":[{"start":{"line":6,"column":38},"end":{"line":6,"column":54}},{"start":{"line":6,"column":57},"end":{"line":6,"column":75}}],"line":6},"1":{"loc":{"start":{"line":9,"column":41},"end":{"line":9,"column":67}},"type":"cond-expr","locations":[{"start":{"line":9,"column":52},"end":{"line":9,"column":58}},{"start":{"line":9,"column":61},"end":{"line":9,"column":67}}],"line":9}},"s":{"0":2,"1":2,"2":2,"3":128,"4":2},"f":{"0":128},"b":{"0":[0,2],"1":[0,128]},"_coverageSchema":"43e27e138ebf9cfc5966b082cf9a028302ed4184","hash":"71fd8359c5b45b8960ae50f0017175b200aceaf6"}
,"/Users/joef/Projects/blackjack/app/features/GameControls/GameControls.tsx": {"path":"/Users/joef/Projects/blackjack/app/features/GameControls/GameControls.tsx","statementMap":{"0":{"start":{"line":13,"column":38},"end":{"line":62,"column":1}},"1":{"start":{"line":14,"column":24},"end":{"line":14,"column":58}},"2":{"start":{"line":14,"column":47},"end":{"line":14,"column":57}},"3":{"start":{"line":15,"column":19},"end":{"line":15,"column":32}},"4":{"start":{"line":17,"column":2},"end":{"line":26,"column":6}},"5":{"start":{"line":18,"column":4},"end":{"line":26,"column":6}},"6":{"start":{"line":22,"column":12},"end":{"line":22,"column":41}},"7":{"start":{"line":28,"column":2},"end":{"line":40,"column":6}},"8":{"start":{"line":29,"column":4},"end":{"line":40,"column":6}},"9":{"start":{"line":34,"column":12},"end":{"line":34,"column":37}},"10":{"start":{"line":42,"column":2},"end":{"line":61,"column":4}},"11":{"start":{"line":47,"column":10},"end":{"line":47,"column":34}},"12":{"start":{"line":55,"column":10},"end":{"line":55,"column":38}}},"fnMap":{"0":{"name":"(anonymous_0)","decl":{"start":{"line":13,"column":38},"end":{"line":13,"column":39}},"loc":{"start":{"line":13,"column":56},"end":{"line":62,"column":1}},"line":13},"1":{"name":"(anonymous_1)","decl":{"start":{"line":14,"column":36},"end":{"line":14,"column":37}},"loc":{"start":{"line":14,"column":47},"end":{"line":14,"column":57}},"line":14},"2":{"name":"(anonymous_2)","decl":{"start":{"line":21,"column":20},"end":{"line":21,"column":21}},"loc":{"start":{"line":21,"column":29},"end":{"line":23,"column":11}},"line":21},"3":{"name":"(anonymous_3)","decl":{"start":{"line":33,"column":19},"end":{"line":33,"column":20}},"loc":{"start":{"line":33,"column":25},"end":{"line":35,"column":11}},"line":33},"4":{"name":"(anonymous_4)","decl":{"start":{"line":46,"column":17},"end":{"line":46,"column":18}},"loc":{"start":{"line":46,"column":23},"end":{"line":48,"column":9}},"line":46},"5":{"name":"(anonymous_5)","decl":{"start":{"line":54,"column":17},"end":{"line":54,"column":18}},"loc":{"start":{"line":54,"column":23},"end":{"line":56,"column":9}},"line":54}},"branchMap":{"0":{"loc":{"start":{"line":17,"column":2},"end":{"line":26,"column":6}},"type":"if","locations":[{"start":{"line":17,"column":2},"end":{"line":26,"column":6}},{"start":{"line":17,"column":2},"end":{"line":26,"column":6}}],"line":17},"1":{"loc":{"start":{"line":28,"column":2},"end":{"line":40,"column":6}},"type":"if","locations":[{"start":{"line":28,"column":2},"end":{"line":40,"column":6}},{"start":{"line":28,"column":2},"end":{"line":40,"column":6}}],"line":28}},"s":{"0":2,"1":172,"2":351,"3":172,"4":172,"5":98,"6":0,"7":74,"8":20,"9":0,"10":54,"11":0,"12":0},"f":{"0":172,"1":351,"2":0,"3":0,"4":0,"5":0},"b":{"0":[98,74],"1":[20,54]},"_coverageSchema":"43e27e138ebf9cfc5966b082cf9a028302ed4184","hash":"9b8a70f070000289f134b18c6ddc667eb5f2d459"}
,"/Users/joef/Projects/blackjack/app/features/GameControls/utils.ts": {"path":"/Users/joef/Projects/blackjack/app/features/GameControls/utils.ts","statementMap":{"0":{"start":{"line":7,"column":26},"end":{"line":11,"column":1}},"1":{"start":{"line":8,"column":2},"end":{"line":10,"column":12}},"2":{"start":{"line":9,"column":19},"end":{"line":9,"column":56}},"3":{"start":{"line":9,"column":40},"end":{"line":9,"column":54}},"4":{"start":{"line":13,"column":34},"end":{"line":21,"column":1}},"5":{"start":{"line":14,"column":20},"end":{"line":14,"column":25}},"6":{"start":{"line":16,"column":2},"end":{"line":18,"column":5}},"7":{"start":{"line":17,"column":4},"end":{"line":17,"column":36}},"8":{"start":{"line":20,"column":2},"end":{"line":20,"column":21}},"9":{"start":{"line":23,"column":27},"end":{"line":23,"column":68}},"10":{"start":{"line":23,"column":52},"end":{"line":23,"column":68}},"11":{"start":{"line":25,"column":27},"end":{"line":35,"column":30}},"12":{"start":{"line":30,"column":2},"end":{"line":35,"column":30}},"13":{"start":{"line":37,"column":26},"end":{"line":48,"column":33}},"14":{"start":{"line":42,"column":2},"end":{"line":48,"column":33}},"15":{"start":{"line":50,"column":32},"end":{"line":60,"column":1}},"16":{"start":{"line":55,"column":2},"end":{"line":55,"column":69}},"17":{"start":{"line":55,"column":50},"end":{"line":55,"column":69}},"18":{"start":{"line":57,"column":2},"end":{"line":57,"column":72}},"19":{"start":{"line":57,"column":51},"end":{"line":57,"column":72}},"20":{"start":{"line":59,"column":2},"end":{"line":59,"column":18}},"21":{"start":{"line":62,"column":26},"end":{"line":72,"column":1}},"22":{"start":{"line":67,"column":2},"end":{"line":71,"column":4}},"23":{"start":{"line":74,"column":27},"end":{"line":83,"column":1}},"24":{"start":{"line":75,"column":2},"end":{"line":80,"column":3}},"25":{"start":{"line":75,"column":15},"end":{"line":75,"column":16}},"26":{"start":{"line":76,"column":19},"end":{"line":76,"column":54}},"27":{"start":{"line":77,"column":23},"end":{"line":77,"column":30}},"28":{"start":{"line":78,"column":4},"end":{"line":78,"column":29}},"29":{"start":{"line":79,"column":4},"end":{"line":79,"column":34}},"30":{"start":{"line":82,"column":2},"end":{"line":82,"column":14}}},"fnMap":{"0":{"name":"(anonymous_0)","decl":{"start":{"line":7,"column":26},"end":{"line":7,"column":27}},"loc":{"start":{"line":7,"column":32},"end":{"line":11,"column":1}},"line":7},"1":{"name":"(anonymous_1)","decl":{"start":{"line":9,"column":9},"end":{"line":9,"column":10}},"loc":{"start":{"line":9,"column":19},"end":{"line":9,"column":56}},"line":9},"2":{"name":"(anonymous_2)","decl":{"start":{"line":9,"column":29},"end":{"line":9,"column":30}},"loc":{"start":{"line":9,"column":40},"end":{"line":9,"column":54}},"line":9},"3":{"name":"(anonymous_3)","decl":{"start":{"line":13,"column":34},"end":{"line":13,"column":35}},"loc":{"start":{"line":13,"column":69},"end":{"line":21,"column":1}},"line":13},"4":{"name":"(anonymous_4)","decl":{"start":{"line":16,"column":21},"end":{"line":16,"column":22}},"loc":{"start":{"line":16,"column":31},"end":{"line":18,"column":3}},"line":16},"5":{"name":"(anonymous_5)","decl":{"start":{"line":23,"column":27},"end":{"line":23,"column":28}},"loc":{"start":{"line":23,"column":52},"end":{"line":23,"column":68}},"line":23},"6":{"name":"(anonymous_6)","decl":{"start":{"line":25,"column":27},"end":{"line":25,"column":28}},"loc":{"start":{"line":30,"column":2},"end":{"line":35,"column":30}},"line":30},"7":{"name":"(anonymous_7)","decl":{"start":{"line":37,"column":26},"end":{"line":37,"column":27}},"loc":{"start":{"line":42,"column":2},"end":{"line":48,"column":33}},"line":42},"8":{"name":"(anonymous_8)","decl":{"start":{"line":50,"column":32},"end":{"line":50,"column":33}},"loc":{"start":{"line":54,"column":5},"end":{"line":60,"column":1}},"line":54},"9":{"name":"(anonymous_9)","decl":{"start":{"line":62,"column":26},"end":{"line":62,"column":27}},"loc":{"start":{"line":66,"column":5},"end":{"line":72,"column":1}},"line":66},"10":{"name":"(anonymous_10)","decl":{"start":{"line":74,"column":27},"end":{"line":74,"column":28}},"loc":{"start":{"line":74,"column":50},"end":{"line":83,"column":1}},"line":74}},"branchMap":{"0":{"loc":{"start":{"line":30,"column":2},"end":{"line":35,"column":30}},"type":"binary-expr","locations":[{"start":{"line":30,"column":2},"end":{"line":30,"column":26}},{"start":{"line":31,"column":3},"end":{"line":31,"column":8}},{"start":{"line":32,"column":4},"end":{"line":32,"column":29}},{"start":{"line":33,"column":4},"end":{"line":33,"column":21}},{"start":{"line":34,"column":4},"end":{"line":34,"column":21}},{"start":{"line":35,"column":4},"end":{"line":35,"column":29}}],"line":30},"1":{"loc":{"start":{"line":42,"column":2},"end":{"line":48,"column":33}},"type":"binary-expr","locations":[{"start":{"line":42,"column":2},"end":{"line":42,"column":27}},{"start":{"line":43,"column":2},"end":{"line":43,"column":19}},{"start":{"line":44,"column":3},"end":{"line":44,"column":27}},{"start":{"line":45,"column":5},"end":{"line":45,"column":10}},{"start":{"line":46,"column":6},"end":{"line":46,"column":23}},{"start":{"line":47,"column":6},"end":{"line":47,"column":23}},{"start":{"line":48,"column":6},"end":{"line":48,"column":31}}],"line":42},"2":{"loc":{"start":{"line":55,"column":2},"end":{"line":55,"column":69}},"type":"if","locations":[{"start":{"line":55,"column":2},"end":{"line":55,"column":69}},{"start":{"line":55,"column":2},"end":{"line":55,"column":69}}],"line":55},"3":{"loc":{"start":{"line":57,"column":2},"end":{"line":57,"column":72}},"type":"if","locations":[{"start":{"line":57,"column":2},"end":{"line":57,"column":72}},{"start":{"line":57,"column":2},"end":{"line":57,"column":72}}],"line":57},"4":{"loc":{"start":{"line":68,"column":4},"end":{"line":70,"column":46}},"type":"binary-expr","locations":[{"start":{"line":68,"column":4},"end":{"line":68,"column":9}},{"start":{"line":69,"column":4},"end":{"line":69,"column":47}},{"start":{"line":70,"column":4},"end":{"line":70,"column":46}}],"line":68}},"s":{"0":7,"1":39,"2":507,"3":2028,"4":7,"5":3,"6":3,"7":3,"8":3,"9":7,"10":209,"11":7,"12":92,"13":7,"14":85,"15":7,"16":31,"17":1,"18":30,"19":8,"20":22,"21":7,"22":63,"23":7,"24":37,"25":37,"26":1924,"27":1924,"28":1924,"29":1924,"30":37},"f":{"0":39,"1":507,"2":2028,"3":3,"4":3,"5":209,"6":92,"7":85,"8":31,"9":63,"10":37},"b":{"0":[92,75,13,12,12,12],"1":[85,77,19,16,14,14,14],"2":[1,30],"3":[8,22],"4":[63,53,45]},"_coverageSchema":"43e27e138ebf9cfc5966b082cf9a028302ed4184","hash":"8dd691db1e573f3d972632ac4805bbeddcd14a20"}
,"/Users/joef/Projects/blackjack/app/features/Hands/Hand.styles.ts": {"path":"/Users/joef/Projects/blackjack/app/features/Hands/Hand.styles.ts","statementMap":{"0":{"start":{"line":3,"column":25},"end":{"line":5,"column":1}},"1":{"start":{"line":7,"column":20},"end":{"line":11,"column":1}}},"fnMap":{},"branchMap":{},"s":{"0":2,"1":2},"f":{},"b":{},"_coverageSchema":"43e27e138ebf9cfc5966b082cf9a028302ed4184","hash":"bb9b4afef3b51607b382658b7cf93bd8650460fe"}
,"/Users/joef/Projects/blackjack/app/features/Hands/Hand.tsx": {"path":"/Users/joef/Projects/blackjack/app/features/Hands/Hand.tsx","statementMap":{"0":{"start":{"line":15,"column":41},"end":{"line":39,"column":1}},"1":{"start":{"line":21,"column":2},"end":{"line":38,"column":4}},"2":{"start":{"line":34,"column":49},"end":{"line":34,"column":79}}},"fnMap":{"0":{"name":"(anonymous_0)","decl":{"start":{"line":15,"column":41},"end":{"line":15,"column":42}},"loc":{"start":{"line":20,"column":6},"end":{"line":39,"column":1}},"line":20},"1":{"name":"(anonymous_1)","decl":{"start":{"line":34,"column":32},"end":{"line":34,"column":33}},"loc":{"start":{"line":34,"column":49},"end":{"line":34,"column":79}},"line":34}},"branchMap":{"0":{"loc":{"start":{"line":19,"column":2},"end":{"line":19,"column":17}},"type":"default-arg","locations":[{"start":{"line":19,"column":11},"end":{"line":19,"column":17}}],"line":19},"1":{"loc":{"start":{"line":25,"column":9},"end":{"line":28,"column":32}},"type":"binary-expr","locations":[{"start":{"line":25,"column":9},"end":{"line":25,"column":33}},{"start":{"line":26,"column":11},"end":{"line":28,"column":31}}],"line":25},"2":{"loc":{"start":{"line":26,"column":11},"end":{"line":28,"column":31}},"type":"cond-expr","locations":[{"start":{"line":27,"column":14},"end":{"line":27,"column":45}},{"start":{"line":28,"column":14},"end":{"line":28,"column":31}}],"line":26},"3":{"loc":{"start":{"line":26,"column":11},"end":{"line":26,"column":41}},"type":"binary-expr","locations":[{"start":{"line":26,"column":11},"end":{"line":26,"column":29}},{"start":{"line":26,"column":33},"end":{"line":26,"column":41}}],"line":26},"4":{"loc":{"start":{"line":31,"column":9},"end":{"line":35,"column":9}},"type":"cond-expr","locations":[{"start":{"line":32,"column":10},"end":{"line":32,"column":44}},{"start":{"line":34,"column":10},"end":{"line":34,"column":80}}],"line":31},"5":{"loc":{"start":{"line":31,"column":9},"end":{"line":31,"column":39}},"type":"binary-expr","locations":[{"start":{"line":31,"column":9},"end":{"line":31,"column":27}},{"start":{"line":31,"column":31},"end":{"line":31,"column":39}}],"line":31}},"s":{"0":2,"1":84,"2":8},"f":{"0":84,"1":8},"b":{"0":[6],"1":[84,6],"2":[2,4],"3":[6,4],"4":[27,57],"5":[84,43]},"_coverageSchema":"43e27e138ebf9cfc5966b082cf9a028302ed4184","hash":"2a4175edfbeb6e4458b5d6bb1eaa1d5f77b5506f"}
,"/Users/joef/Projects/blackjack/app/features/Hands/utils.ts": {"path":"/Users/joef/Projects/blackjack/app/features/Hands/utils.ts","statementMap":{"0":{"start":{"line":4,"column":24},"end":{"line":19,"column":1}},"1":{"start":{"line":5,"column":2},"end":{"line":5,"column":35}},"2":{"start":{"line":5,"column":26},"end":{"line":5,"column":35}},"3":{"start":{"line":7,"column":13},"end":{"line":7,"column":14}},"4":{"start":{"line":8,"column":14},"end":{"line":11,"column":7}},"5":{"start":{"line":9,"column":4},"end":{"line":9,"column":35}},"6":{"start":{"line":9,"column":29},"end":{"line":9,"column":35}},"7":{"start":{"line":10,"column":4},"end":{"line":10,"column":35}},"8":{"start":{"line":13,"column":2},"end":{"line":16,"column":3}},"9":{"start":{"line":14,"column":4},"end":{"line":14,"column":15}},"10":{"start":{"line":15,"column":4},"end":{"line":15,"column":10}},"11":{"start":{"line":18,"column":2},"end":{"line":18,"column":14}}},"fnMap":{"0":{"name":"(anonymous_0)","decl":{"start":{"line":4,"column":24},"end":{"line":4,"column":25}},"loc":{"start":{"line":4,"column":56},"end":{"line":19,"column":1}},"line":4},"1":{"name":"(anonymous_1)","decl":{"start":{"line":8,"column":27},"end":{"line":8,"column":28}},"loc":{"start":{"line":8,"column":43},"end":{"line":11,"column":3}},"line":8}},"branchMap":{"0":{"loc":{"start":{"line":5,"column":2},"end":{"line":5,"column":35}},"type":"if","locations":[{"start":{"line":5,"column":2},"end":{"line":5,"column":35}},{"start":{"line":5,"column":2},"end":{"line":5,"column":35}}],"line":5},"1":{"loc":{"start":{"line":9,"column":4},"end":{"line":9,"column":35}},"type":"if","locations":[{"start":{"line":9,"column":4},"end":{"line":9,"column":35}},{"start":{"line":9,"column":4},"end":{"line":9,"column":35}}],"line":9},"2":{"loc":{"start":{"line":13,"column":9},"end":{"line":13,"column":31}},"type":"binary-expr","locations":[{"start":{"line":13,"column":9},"end":{"line":13,"column":19}},{"start":{"line":13,"column":23},"end":{"line":13,"column":31}}],"line":13}},"s":{"0":7,"1":21,"2":0,"3":21,"4":21,"5":43,"6":7,"7":43,"8":21,"9":3,"10":3,"11":21},"f":{"0":21,"1":43},"b":{"0":[0,21],"1":[7,36],"2":[24,9]},"_coverageSchema":"43e27e138ebf9cfc5966b082cf9a028302ed4184","hash":"dd56c5690a233ccdff77d6adb38a2ac31a6586ae"}
,"/Users/joef/Projects/blackjack/app/functions/useSelector.ts": {"path":"/Users/joef/Projects/blackjack/app/functions/useSelector.ts","statementMap":{"0":{"start":{"line":4,"column":53},"end":{"line":4,"column":68}}},"fnMap":{},"branchMap":{},"s":{"0":3},"f":{},"b":{},"_coverageSchema":"43e27e138ebf9cfc5966b082cf9a028302ed4184","hash":"018506ffe37ea54275e0253d64f69514312a98fe"}
,"/Users/joef/Projects/blackjack/test-utils/index.tsx": {"path":"/Users/joef/Projects/blackjack/test-utils/index.tsx","statementMap":{"0":{"start":{"line":8,"column":35},"end":{"line":14,"column":1}},"1":{"start":{"line":9,"column":2},"end":{"line":13,"column":4}},"2":{"start":{"line":16,"column":21},"end":{"line":19,"column":51}},"3":{"start":{"line":19,"column":5},"end":{"line":19,"column":51}}},"fnMap":{"0":{"name":"(anonymous_0)","decl":{"start":{"line":8,"column":35},"end":{"line":8,"column":36}},"loc":{"start":{"line":8,"column":53},"end":{"line":14,"column":1}},"line":8},"1":{"name":"(anonymous_1)","decl":{"start":{"line":16,"column":21},"end":{"line":16,"column":22}},"loc":{"start":{"line":19,"column":5},"end":{"line":19,"column":51}},"line":19}},"branchMap":{"0":{"loc":{"start":{"line":18,"column":2},"end":{"line":18,"column":46}},"type":"default-arg","locations":[{"start":{"line":18,"column":44},"end":{"line":18,"column":46}}],"line":18}},"s":{"0":5,"1":34,"2":5,"3":34},"f":{"0":34,"1":34},"b":{"0":[34]},"_coverageSchema":"43e27e138ebf9cfc5966b082cf9a028302ed4184","hash":"ab28f41ba13ed5409347cea00aa923c415cadfed"}
}
