TN:
SF:/Users/joef/Projects/blackjack/app/store.ts
FNF:0
FNH:0
DA:3,5
DA:8,5
LF:2
LH:2
BRF:0
BRH:0
end_of_record
TN:
SF:/Users/joef/Projects/blackjack/app/features/BetForm/BetForm.styles.ts
FNF:0
FNH:0
DA:4,3
DA:8,3
DA:13,3
LF:3
LH:3
BRF:0
BRH:0
end_of_record
TN:
SF:/Users/joef/Projects/blackjack/app/features/BetForm/BetForm.tsx
FN:10,(anonymous_0)
FN:13,(anonymous_1)
FN:20,(anonymous_2)
FN:45,(anonymous_3)
FNF:4
FNH:4
FNDA:165,(anonymous_0)
FNDA:389,(anonymous_1)
FNDA:13,(anonymous_2)
FNDA:1,(anonymous_3)
DA:10,3
DA:11,165
DA:12,165
DA:13,389
DA:15,165
DA:21,13
DA:23,13
DA:24,2
DA:25,2
DA:27,11
DA:29,11
DA:30,4
DA:31,7
DA:32,2
DA:34,5
DA:46,1
LF:16
LH:16
BRDA:19,0,0,49
BRDA:19,0,1,116
BRDA:19,1,0,165
BRDA:19,1,1,118
BRDA:23,2,0,2
BRDA:23,2,1,11
BRDA:23,3,0,13
BRDA:23,3,1,4
BRDA:29,4,0,4
BRDA:29,4,1,7
BRDA:31,5,0,2
BRDA:31,5,1,5
BRDA:38,6,0,136
BRDA:38,6,1,29
BRDA:39,7,0,136
BRDA:39,7,1,29
BRDA:43,8,0,165
BRDA:43,8,1,47
BRDA:46,9,0,1
BRDA:46,9,1,0
BRF:20
BRH:19
end_of_record
TN:
SF:/Users/joef/Projects/blackjack/app/features/Card/Card.tsx
FN:13,(anonymous_0)
FNF:1
FNH:1
FNDA:39,(anonymous_0)
DA:9,3
DA:13,3
DA:14,39
LF:3
LH:3
BRF:0
BRH:0
end_of_record
TN:
SF:/Users/joef/Projects/blackjack/app/features/Game/Game.styles.ts
FNF:0
FNH:0
DA:4,1
DA:6,1
DA:11,1
DA:19,1
DA:26,1
LF:5
LH:5
BRDA:7,0,0,1
BRDA:7,0,1,0
BRDA:8,1,0,0
BRDA:8,1,1,1
BRF:4
BRH:2
end_of_record
TN:
SF:/Users/joef/Projects/blackjack/app/features/Game/Game.tsx
FN:14,Game
FN:19,(anonymous_1)
FN:22,(anonymous_2)
FN:30,(anonymous_3)
FN:33,(anonymous_4)
FN:41,(anonymous_5)
FNF:6
FNH:5
FNDA:93,Game
FNDA:193,(anonymous_1)
FNDA:56,(anonymous_2)
FNDA:49,(anonymous_3)
FNDA:0,(anonymous_4)
FNDA:7,(anonymous_5)
DA:15,93
DA:17,93
DA:18,93
DA:19,193
DA:22,93
DA:23,56
DA:24,14
DA:25,42
DA:26,14
DA:30,93
DA:31,49
DA:32,0
DA:33,0
DA:35,0
DA:36,0
DA:41,93
DA:42,7
DA:45,93
LF:18
LH:14
BRDA:23,0,0,14
BRDA:23,0,1,42
BRDA:23,1,0,56
BRDA:23,1,1,14
BRDA:25,2,0,14
BRDA:25,2,1,28
BRDA:25,3,0,42
BRDA:25,3,1,42
BRDA:31,4,0,0
BRDA:31,4,1,49
BRDA:32,5,0,0
BRDA:32,5,1,0
BRDA:42,6,0,0
BRDA:42,6,1,7
BRDA:48,7,0,28
BRDA:48,7,1,65
BRDA:53,8,0,93
BRDA:53,8,1,39
BRDA:59,9,0,93
BRDA:59,9,1,39
BRF:20
BRH:16
end_of_record
TN:
SF:/Users/joef/Projects/blackjack/app/features/Game/constants.ts
FNF:0
FNH:0
DA:3,8
DA:4,8
LF:2
LH:2
BRF:0
BRH:0
end_of_record
TN:
SF:/Users/joef/Projects/blackjack/app/features/Game/gameSlice.ts
FN:7,(anonymous_0)
FN:9,(anonymous_1)
FN:28,(anonymous_2)
FN:41,(anonymous_3)
FN:51,(anonymous_4)
FN:63,(anonymous_5)
FN:67,(anonymous_6)
FN:69,(anonymous_7)
FN:76,(anonymous_8)
FN:80,(anonymous_9)
FN:95,deal
FN:112,(anonymous_11)
FNF:12
FNH:12
FNDA:68,(anonymous_0)
FNDA:3,(anonymous_1)
FNDA:32,(anonymous_2)
FNDA:6,(anonymous_3)
FNDA:1,(anonymous_4)
FNDA:1,(anonymous_5)
FNDA:26,(anonymous_6)
FNDA:2,(anonymous_7)
FNDA:1,(anonymous_8)
FNDA:2,(anonymous_9)
FNDA:8,deal
FNDA:11,(anonymous_11)
DA:7,68
DA:9,6
DA:10,3
DA:28,32
DA:39,6
DA:41,6
DA:45,6
DA:47,6
DA:48,6
DA:51,6
DA:52,1
DA:53,1
DA:55,0
DA:58,1
DA:60,1
DA:63,6
DA:64,1
DA:67,26
DA:69,6
DA:73,2
DA:76,6
DA:77,1
DA:80,6
DA:84,2
DA:86,2
DA:87,2
DA:89,2
DA:91,2
DA:92,2
DA:93,2
DA:96,8
DA:99,2
DA:100,8
DA:101,4
DA:102,4
DA:103,4
DA:105,4
DA:106,4
DA:107,4
DA:112,6
DA:113,11
DA:116,6
DA:140,6
DA:141,6
LF:44
LH:43
BRDA:28,0,0,32
BRDA:52,1,0,1
BRDA:52,1,1,0
BRDA:87,2,0,1
BRDA:87,2,1,1
BRDA:100,3,0,4
BRDA:100,3,1,4
BRF:7
BRH:6
end_of_record
TN:
SF:/Users/joef/Projects/blackjack/app/features/GameControls/GameControls.styles.ts
FN:9,(anonymous_0)
FNF:1
FNH:1
FNDA:128,(anonymous_0)
DA:4,2
DA:6,2
DA:7,2
DA:9,128
DA:16,2
LF:5
LH:5
BRDA:6,0,0,0
BRDA:6,0,1,2
BRDA:9,1,0,0
BRDA:9,1,1,128
BRF:4
BRH:2
end_of_record
TN:
SF:/Users/joef/Projects/blackjack/app/features/GameControls/GameControls.tsx
FN:13,(anonymous_0)
FN:14,(anonymous_1)
FN:21,(anonymous_2)
FN:33,(anonymous_3)
FN:46,(anonymous_4)
FN:54,(anonymous_5)
FNF:6
FNH:2
FNDA:172,(anonymous_0)
FNDA:351,(anonymous_1)
FNDA:0,(anonymous_2)
FNDA:0,(anonymous_3)
FNDA:0,(anonymous_4)
FNDA:0,(anonymous_5)
DA:13,2
DA:14,351
DA:15,172
DA:17,172
DA:18,98
DA:22,0
DA:28,74
DA:29,20
DA:34,0
DA:42,54
DA:47,0
DA:55,0
LF:12
LH:8
BRDA:17,0,0,98
BRDA:17,0,1,74
BRDA:28,1,0,20
BRDA:28,1,1,54
BRF:4
BRH:4
end_of_record
TN:
SF:/Users/joef/Projects/blackjack/app/features/GameControls/utils.ts
FN:7,(anonymous_0)
FN:9,(anonymous_1)
FN:9,(anonymous_2)
FN:13,(anonymous_3)
FN:16,(anonymous_4)
FN:23,(anonymous_5)
FN:25,(anonymous_6)
FN:37,(anonymous_7)
FN:50,(anonymous_8)
FN:62,(anonymous_9)
FN:74,(anonymous_10)
FNF:11
FNH:11
FNDA:39,(anonymous_0)
FNDA:507,(anonymous_1)
FNDA:2028,(anonymous_2)
FNDA:3,(anonymous_3)
FNDA:3,(anonymous_4)
FNDA:209,(anonymous_5)
FNDA:92,(anonymous_6)
FNDA:85,(anonymous_7)
FNDA:31,(anonymous_8)
FNDA:63,(anonymous_9)
FNDA:37,(anonymous_10)
DA:7,7
DA:8,39
DA:9,2028
DA:13,7
DA:14,3
DA:16,3
DA:17,3
DA:20,3
DA:23,209
DA:25,7
DA:30,92
DA:37,7
DA:42,85
DA:50,7
DA:55,31
DA:57,30
DA:59,22
DA:62,7
DA:67,63
DA:74,7
DA:75,37
DA:76,1924
DA:77,1924
DA:78,1924
DA:79,1924
DA:82,37
LF:26
LH:26
BRDA:30,0,0,92
BRDA:30,0,1,75
BRDA:30,0,2,13
BRDA:30,0,3,12
BRDA:30,0,4,12
BRDA:30,0,5,12
BRDA:42,1,0,85
BRDA:42,1,1,77
BRDA:42,1,2,19
BRDA:42,1,3,16
BRDA:42,1,4,14
BRDA:42,1,5,14
BRDA:42,1,6,14
BRDA:55,2,0,1
BRDA:55,2,1,30
BRDA:57,3,0,8
BRDA:57,3,1,22
BRDA:68,4,0,63
BRDA:68,4,1,53
BRDA:68,4,2,45
BRF:20
BRH:20
end_of_record
TN:
SF:/Users/joef/Projects/blackjack/app/features/Hands/Hand.styles.ts
FNF:0
FNH:0
DA:3,2
DA:7,2
LF:2
LH:2
BRF:0
BRH:0
end_of_record
TN:
SF:/Users/joef/Projects/blackjack/app/features/Hands/Hand.tsx
FN:15,(anonymous_0)
FN:34,(anonymous_1)
FNF:2
FNH:2
FNDA:84,(anonymous_0)
FNDA:8,(anonymous_1)
DA:15,2
DA:21,84
DA:34,8
LF:3
LH:3
BRDA:19,0,0,6
BRDA:25,1,0,84
BRDA:25,1,1,6
BRDA:26,2,0,2
BRDA:26,2,1,4
BRDA:26,3,0,6
BRDA:26,3,1,4
BRDA:31,4,0,27
BRDA:31,4,1,57
BRDA:31,5,0,84
BRDA:31,5,1,43
BRF:11
BRH:11
end_of_record
TN:
SF:/Users/joef/Projects/blackjack/app/features/Hands/utils.ts
FN:4,(anonymous_0)
FN:8,(anonymous_1)
FNF:2
FNH:2
FNDA:21,(anonymous_0)
FNDA:43,(anonymous_1)
DA:4,7
DA:5,21
DA:7,21
DA:8,21
DA:9,43
DA:10,43
DA:13,21
DA:14,3
DA:15,3
DA:18,21
LF:10
LH:10
BRDA:5,0,0,0
BRDA:5,0,1,21
BRDA:9,1,0,7
BRDA:9,1,1,36
BRDA:13,2,0,24
BRDA:13,2,1,9
BRF:6
BRH:5
end_of_record
TN:
SF:/Users/joef/Projects/blackjack/app/functions/useSelector.ts
FNF:0
FNH:0
DA:4,3
LF:1
LH:1
BRF:0
BRH:0
end_of_record
TN:
SF:/Users/joef/Projects/blackjack/test-utils/index.tsx
FN:8,(anonymous_0)
FN:16,(anonymous_1)
FNF:2
FNH:2
FNDA:34,(anonymous_0)
FNDA:34,(anonymous_1)
DA:8,5
DA:9,34
DA:16,5
DA:19,34
LF:4
LH:4
BRDA:18,0,0,34
BRF:1
BRH:1
end_of_record
